Arguments: 
  /usr/bin/node-20 /usr/bin/yarn

PATH: 
  /home/sreaves/.opam/default/bin:.:/home/sreaves/.opam/default/bin:/usr/local/bin:/usr/local/sbin:/usr/bin:/usr/sbin:/home/sreaves/Src/Openshift/bin:/home/sreaves/go/bin:/bin:/usr/pgsql-13/bin:/home/sreaves/bin:/home/sreaves/.cargo/bin:/home/sreaves/.local/bin

Yarn version: 
  1.22.19

Node version: 
  20.10.0

Platform: 
  linux x64

Trace: 
  SyntaxError: /home/sreaves/Src/backstage-plugins/backstage-plugin-progressive-delivery/package.json: Expected double-quoted property name in JSON at position 1795
      at JSON.parse (<anonymous>)
      at /usr/lib/node_modules_20/yarn/lib/util/fs.js:755:57
      at Generator.next (<anonymous>)
      at step (/usr/lib/node_modules_20/yarn/node_modules/babel-runtime/helpers/asyncToGenerator.js:17:30)
      at /usr/lib/node_modules_20/yarn/node_modules/babel-runtime/helpers/asyncToGenerator.js:28:13

npm manifest: 
  {
    "name": "@janus-idp/backstage-plugin-progressive-delivery",
    "version": "0.1.0",
    "main": "src/index.ts",
    "types": "src/index.ts",
    "license": "Apache-2.0",
    "private": true,
    "publishConfig": {
      "access": "public",
      "main": "dist/index.esm.js",
      "types": "dist/index.d.ts"
    },
    "backstage": {
      "role": "frontend-plugin"
    },
    "sideEffects": false,
    "scripts": {
      "build": "backstage-cli package build",
      "clean": "backstage-cli package clean",
      "export-dynamic": "janus-cli package export-dynamic-plugin",
      "lint": "backstage-cli package lint",
      "postpack": "backstage-cli package postpack",
      "postversion": "yarn run export-dynamic",
      "prepack": "backstage-cli package prepack",
      "start": "backstage-cli package start",
      "test": "backstage-cli package test --passWithNoTests --coverage",
      "tsc": "tsc"
    },
    "dependencies": {
      "@backstage/core-components": "^0.14.0",
      "@backstage/core-plugin-api": "^1.9.0",
      "@backstage/theme": "^0.5.1",
      "@material-ui/core": "^4.12.2",
      "@material-ui/icons": "^4.9.1",
      "@material-ui/lab": "^4.0.0-alpha.61",
      "choreography": "https://github.com/reavessm/pipeline-topology#package_changes",
      "react": "^18.2.0",
      "react-dom": "^18.2.0",
      "react-router-dom": "^6.22.1",
      "react-use": "^17.2.4"
    },
    "peerDependencies": {
      "react": "16.13.1 || ^17.0.0 || ^18.0.0"
    },
    "devDependencies": {
      "@backstage/cli": "^0.25.2",
      "@backstage/core-app-api": "^1.12.0",
      "@backstage/dev-utils": "^1.0.27",
      "@backstage/test-utils": "^1.5.0",
      "@janus-idp/cli": "^1.7.2",
      "@testing-library/jest-dom": "6.0.0",
      "@testing-library/react": "14.0.0",
      "@testing-library/user-event": "14.0.0",
      "@types/react-dom": "^18.2.19",
      "msw": "1.0.0",
    },
    "files": [
      "dist",
      "config.d.ts",
      "dist-scalprum",
      "app-config.yaml",
      "app-config.janus-idp.yaml"
    ],
    "configSchema": "config.d.ts",
    "repository": {
      "type": "git",
      "url": "https://gitlabe.cee.redhat.com/reavessm/backstage-plugins",
      "directory": "plugins/progressive-delivery"
    },
    "keywords": [
      "backstage",
      "plugin"
    ],
    "homepage": "https://janus-idp.io/",
    "bugs": "https://github.com/janus-idp/backstage-plugins/issues",
    "scalprum": {
      "name": "plugin-progressive-delivery",
      "exposedModules": {
        "PluginRoot": "./src/index.ts"
      }
    }
  }

yarn manifest: 
  No manifest

Lockfile: 
  No lockfile
